# JRE version: Java(TM) SE Runtime Environment (11.0.5+10) (build 11.0.5+10-LTS)
# Java VM: Java HotSpot(TM) 64-Bit Server VM (11.0.5+10-LTS, mixed mode, tiered, compressed oops, g1 gc, windows-amd64)
Heap:
 garbage-first heap   total 78848K, used 11461K [0x00000000c1400000, 0x0000000100000000)
  region size 1024K, 3 young (3072K), 3 survivors (3072K)
 Metaspace       used 22743K, capacity 23281K, committed 23472K, reserved 1083392K
  class space    used 2745K, capacity 2949K, committed 3072K, reserved 1048576K
GC Heap History (10 events):
Event: 1.002 GC heap after
{Heap after GC invocations=2 (full 0):
 garbage-first heap   total 65536K, used 8305K [0x00000000c1400000, 0x0000000100000000)
  region size 1024K, 1 young (1024K), 1 survivors (1024K)
 Metaspace       used 10164K, capacity 10314K, committed 10624K, reserved 1058816K
  class space    used 994K, capacity 1037K, committed 1152K, reserved 1048576K
}
Event: 1.013 GC heap before
{Heap before GC invocations=2 (full 0):
 garbage-first heap   total 65536K, used 27761K [0x00000000c1400000, 0x0000000100000000)
  region size 1024K, 21 young (21504K), 1 survivors (1024K)
 Metaspace       used 10165K, capacity 10314K, committed 10624K, reserved 1058816K
  class space    used 994K, capacity 1037K, committed 1152K, reserved 1048576K
}
Event: 1.014 GC heap after
{Heap after GC invocations=3 (full 0):
 garbage-first heap   total 65536K, used 8485K [0x00000000c1400000, 0x0000000100000000)
  region size 1024K, 1 young (1024K), 1 survivors (1024K)
 Metaspace       used 10165K, capacity 10314K, committed 10624K, reserved 1058816K
  class space    used 994K, capacity 1037K, committed 1152K, reserved 1048576K
}
Event: 1.111 GC heap before
{Heap before GC invocations=3 (full 0):
 garbage-first heap   total 65536K, used 32037K [0x00000000c1400000, 0x0000000100000000)
  region size 1024K, 25 young (25600K), 1 survivors (1024K)
 Metaspace       used 11264K, capacity 11440K, committed 11520K, reserved 1058816K
  class space    used 1142K, capacity 1203K, committed 1280K, reserved 1048576K
}
Event: 1.113 GC heap after
{Heap after GC invocations=4 (full 0):
 garbage-first heap   total 65536K, used 8545K [0x00000000c1400000, 0x0000000100000000)
  region size 1024K, 1 young (1024K), 1 survivors (1024K)
 Metaspace       used 11264K, capacity 11440K, committed 11520K, reserved 1058816K
  class space    used 1142K, capacity 1203K, committed 1280K, reserved 1048576K
}
Event: 1.394 GC heap before
{Heap before GC invocations=4 (full 0):
 garbage-first heap   total 65536K, used 44385K [0x00000000c1400000, 0x0000000100000000)
  region size 1024K, 36 young (36864K), 1 survivors (1024K)
 Metaspace       used 16437K, capacity 16804K, committed 16896K, reserved 1064960K
  class space    used 1880K, capacity 2018K, committed 2048K, reserved 1048576K
}
Event: 1.399 GC heap after
{Heap after GC invocations=5 (full 0):
 garbage-first heap   total 65536K, used 9866K [0x00000000c1400000, 0x0000000100000000)
  region size 1024K, 3 young (3072K), 3 survivors (3072K)
 Metaspace       used 16437K, capacity 16804K, committed 16896K, reserved 1064960K
  class space    used 1880K, capacity 2018K, committed 2048K, reserved 1048576K
}
Event: 1.719 GC heap before
{Heap before GC invocations=5 (full 0):
 garbage-first heap   total 65536K, used 40586K [0x00000000c1400000, 0x0000000100000000)
  region size 1024K, 35 young (35840K), 3 survivors (3072K)
 Metaspace       used 20756K, capacity 21222K, committed 21296K, reserved 1069056K
  class space    used 2460K, capacity 2665K, committed 2688K, reserved 1048576K
}
Event: 1.723 GC heap after
{Heap after GC invocations=6 (full 0):
 garbage-first heap   total 65536K, used 10941K [0x00000000c1400000, 0x0000000100000000)
  region size 1024K, 4 young (4096K), 4 survivors (4096K)
 Metaspace       used 20756K, capacity 21222K, committed 21296K, reserved 1069056K
  class space    used 2460K, capacity 2665K, committed 2688K, reserved 1048576K
}
Event: 1.874 GC heap before
{Heap before GC invocations=7 (full 0):
 garbage-first heap   total 65536K, used 25277K [0x00000000c1400000, 0x0000000100000000)
  region size 1024K, 19 young (19456K), 4 survivors (4096K)
 Metaspace       used 22743K, capacity 23281K, committed 23472K, reserved 1083392K
  class space    used 2745K, capacity 2949K, committed 3072K, reserved 1048576K
}

