# JRE version: Java(TM) SE Runtime Environment (11.0.5+10) (build 11.0.5+10-LTS)
# Java VM: Java HotSpot(TM) 64-Bit Server VM (11.0.5+10-LTS, mixed mode, tiered, compressed oops, g1 gc, windows-amd64)
Heap:
 garbage-first heap   total 95232K, used 38012K [0x00000000c1400000, 0x0000000100000000)
  region size 1024K, 8 young (8192K), 5 survivors (5120K)
 Metaspace       used 61011K, capacity 62876K, committed 63004K, reserved 1103872K
  class space    used 8095K, capacity 8771K, committed 8832K, reserved 1048576K
GC Heap History (10 events):
Event: 19.067 GC heap before
{Heap before GC invocations=22 (full 0):
 garbage-first heap   total 95232K, used 74614K [0x00000000c1400000, 0x0000000100000000)
  region size 1024K, 48 young (49152K), 3 survivors (3072K)
 Metaspace       used 56081K, capacity 57616K, committed 57884K, reserved 1099776K
  class space    used 7456K, capacity 8020K, committed 8064K, reserved 1048576K
}
Event: 19.080 GC heap after
{Heap after GC invocations=23 (full 0):
 garbage-first heap   total 95232K, used 30390K [0x00000000c1400000, 0x0000000100000000)
  region size 1024K, 5 young (5120K), 5 survivors (5120K)
 Metaspace       used 56081K, capacity 57616K, committed 57884K, reserved 1099776K
  class space    used 7456K, capacity 8020K, committed 8064K, reserved 1048576K
}
Event: 19.729 GC heap before
{Heap before GC invocations=23 (full 0):
 garbage-first heap   total 95232K, used 55990K [0x00000000c1400000, 0x0000000100000000)
  region size 1024K, 31 young (31744K), 5 survivors (5120K)
 Metaspace       used 58653K, capacity 60224K, committed 60316K, reserved 1101824K
  class space    used 7777K, capacity 8373K, committed 8448K, reserved 1048576K
}
Event: 19.776 GC heap after
{Heap after GC invocations=24 (full 0):
 garbage-first heap   total 95232K, used 31677K [0x00000000c1400000, 0x0000000100000000)
  region size 1024K, 5 young (5120K), 5 survivors (5120K)
 Metaspace       used 58653K, capacity 60224K, committed 60316K, reserved 1101824K
  class space    used 7777K, capacity 8373K, committed 8448K, reserved 1048576K
}
Event: 20.785 GC heap before
{Heap before GC invocations=25 (full 0):
 garbage-first heap   total 95232K, used 71613K [0x00000000c1400000, 0x0000000100000000)
  region size 1024K, 44 young (45056K), 5 survivors (5120K)
 Metaspace       used 59181K, capacity 60931K, committed 61212K, reserved 1101824K
  class space    used 7850K, capacity 8492K, committed 8576K, reserved 1048576K
}
Event: 20.802 GC heap after
{Heap after GC invocations=26 (full 0):
 garbage-first heap   total 95232K, used 33233K [0x00000000c1400000, 0x0000000100000000)
  region size 1024K, 3 young (3072K), 3 survivors (3072K)
 Metaspace       used 59181K, capacity 60931K, committed 61212K, reserved 1101824K
  class space    used 7850K, capacity 8492K, committed 8576K, reserved 1048576K
}
Event: 21.099 GC heap before
{Heap before GC invocations=26 (full 0):
 garbage-first heap   total 95232K, used 73169K [0x00000000c1400000, 0x0000000100000000)
  region size 1024K, 42 young (43008K), 3 survivors (3072K)
 Metaspace       used 59453K, capacity 61174K, committed 61468K, reserved 1101824K
  class space    used 7877K, capacity 8502K, committed 8576K, reserved 1048576K
}
Event: 21.106 GC heap after
{Heap after GC invocations=27 (full 0):
 garbage-first heap   total 95232K, used 34029K [0x00000000c1400000, 0x0000000100000000)
  region size 1024K, 4 young (4096K), 4 survivors (4096K)
 Metaspace       used 59453K, capacity 61174K, committed 61468K, reserved 1101824K
  class space    used 7877K, capacity 8502K, committed 8576K, reserved 1048576K
}
Event: 21.612 GC heap before
{Heap before GC invocations=27 (full 0):
 garbage-first heap   total 95232K, used 73965K [0x00000000c1400000, 0x0000000100000000)
  region size 1024K, 43 young (44032K), 4 survivors (4096K)
 Metaspace       used 60764K, capacity 62617K, committed 62748K, reserved 1103872K
  class space    used 8069K, capacity 8770K, committed 8832K, reserved 1048576K
}
Event: 21.625 GC heap after
{Heap after GC invocations=28 (full 0):
 garbage-first heap   total 95232K, used 35964K [0x00000000c1400000, 0x0000000100000000)
  region size 1024K, 5 young (5120K), 5 survivors (5120K)
 Metaspace       used 60764K, capacity 62617K, committed 62748K, reserved 1103872K
  class space    used 8069K, capacity 8770K, committed 8832K, reserved 1048576K
}

